# JRE version: OpenJDK Runtime Environment Corretto-11.0.12.7.1 (11.0.12+7) (build 11.0.12+7-LTS)
# Java VM: OpenJDK 64-Bit Server VM Corretto-11.0.12.7.1 (11.0.12+7-LTS, mixed mode, tiered, compressed oops, g1 gc, linux-amd64)
Heap:
 garbage-first heap   total 78848K, used 52258K [0x000000008de00000, 0x0000000100000000)
  region size 1024K, 30 young (30720K), 5 survivors (5120K)
 Metaspace       used 74359K, capacity 76521K, committed 76624K, reserved 1116160K
  class space    used 9310K, capacity 10167K, committed 10188K, reserved 1048576K
GC Heap History (20 events):
Event: 4.774 GC heap after
{Heap after GC invocations=11 (full 0):
 garbage-first heap   total 143360K, used 20241K [0x000000008de00000, 0x0000000100000000)
  region size 1024K, 7 young (7168K), 7 survivors (7168K)
 Metaspace       used 58649K, capacity 59979K, committed 60368K, reserved 1101824K
  class space    used 7386K, capacity 7942K, committed 8012K, reserved 1048576K
}
Event: 54.104 GC heap before
{Heap before GC invocations=12 (full 0):
 garbage-first heap   total 143360K, used 99089K [0x000000008de00000, 0x0000000100000000)
  region size 1024K, 84 young (86016K), 7 survivors (7168K)
 Metaspace       used 67901K, capacity 69659K, committed 69968K, reserved 1110016K
  class space    used 8677K, capacity 9387K, committed 9420K, reserved 1048576K
}
Event: 54.112 GC heap after
{Heap after GC invocations=13 (full 0):
 garbage-first heap   total 143360K, used 24591K [0x000000008de00000, 0x0000000100000000)
  region size 1024K, 10 young (10240K), 10 survivors (10240K)
 Metaspace       used 67901K, capacity 69659K, committed 69968K, reserved 1110016K
  class space    used 8677K, capacity 9387K, committed 9420K, reserved 1048576K
}
Event: 98.318 GC heap before
{Heap before GC invocations=13 (full 0):
 garbage-first heap   total 143360K, used 48143K [0x000000008de00000, 0x0000000100000000)
  region size 1024K, 34 young (34816K), 10 survivors (10240K)
 Metaspace       used 72753K, capacity 74692K, committed 74960K, reserved 1114112K
  class space    used 9251K, capacity 10025K, committed 10060K, reserved 1048576K
}
Event: 98.367 GC heap after
{Heap after GC invocations=14 (full 1):
 garbage-first heap   total 78848K, used 21673K [0x000000008de00000, 0x0000000100000000)
  region size 1024K, 0 young (0K), 0 survivors (0K)
 Metaspace       used 72753K, capacity 74692K, committed 74960K, reserved 1114112K
  class space    used 9251K, capacity 10025K, committed 10060K, reserved 1048576K
}
Event: 98.776 GC heap before
{Heap before GC invocations=14 (full 1):
 garbage-first heap   total 78848K, used 60585K [0x000000008de00000, 0x0000000100000000)
  region size 1024K, 38 young (38912K), 0 survivors (0K)
 Metaspace       used 73022K, capacity 75001K, committed 75216K, reserved 1114112K
  class space    used 9261K, capacity 10038K, committed 10060K, reserved 1048576K
}
Event: 98.779 GC heap after
{Heap after GC invocations=15 (full 1):
 garbage-first heap   total 78848K, used 24731K [0x000000008de00000, 0x0000000100000000)
  region size 1024K, 3 young (3072K), 3 survivors (3072K)
 Metaspace       used 73022K, capacity 75001K, committed 75216K, reserved 1114112K
  class space    used 9261K, capacity 10038K, committed 10060K, reserved 1048576K
}
Event: 98.790 GC heap before
{Heap before GC invocations=15 (full 1):
 garbage-first heap   total 78848K, used 60571K [0x000000008de00000, 0x0000000100000000)
  region size 1024K, 39 young (39936K), 3 survivors (3072K)
 Metaspace       used 73025K, capacity 75001K, committed 75216K, reserved 1114112K
  class space    used 9261K, capacity 10038K, committed 10060K, reserved 1048576K
}
Event: 98.792 GC heap after
{Heap after GC invocations=16 (full 1):
 garbage-first heap   total 78848K, used 24454K [0x000000008de00000, 0x0000000100000000)
  region size 1024K, 3 young (3072K), 3 survivors (3072K)
 Metaspace       used 73025K, capacity 75001K, committed 75216K, reserved 1114112K
  class space    used 9261K, capacity 10038K, committed 10060K, reserved 1048576K
}
Event: 99.130 GC heap before
{Heap before GC invocations=16 (full 1):
 garbage-first heap   total 78848K, used 61318K [0x000000008de00000, 0x0000000100000000)
  region size 1024K, 39 young (39936K), 3 survivors (3072K)
 Metaspace       used 73542K, capacity 75629K, committed 75856K, reserved 1116160K
  class space    used 9287K, capacity 10115K, committed 10188K, reserved 1048576K
}
Event: 99.134 GC heap after
{Heap after GC invocations=17 (full 1):
 garbage-first heap   total 78848K, used 26756K [0x000000008de00000, 0x0000000100000000)
  region size 1024K, 5 young (5120K), 5 survivors (5120K)
 Metaspace       used 73542K, capacity 75629K, committed 75856K, reserved 1116160K
  class space    used 9287K, capacity 10115K, committed 10188K, reserved 1048576K
}
Event: 100.780 GC heap before
{Heap before GC invocations=17 (full 1):
 garbage-first heap   total 78848K, used 30852K [0x000000008de00000, 0x0000000100000000)
  region size 1024K, 10 young (10240K), 5 survivors (5120K)
 Metaspace       used 73588K, capacity 75641K, committed 75856K, reserved 1116160K
  class space    used 9288K, capacity 10118K, committed 10188K, reserved 1048576K
}
Event: 100.828 GC heap after
{Heap after GC invocations=18 (full 2):
 garbage-first heap   total 78848K, used 21536K [0x000000008de00000, 0x0000000100000000)
  region size 1024K, 0 young (0K), 0 survivors (0K)
 Metaspace       used 73585K, capacity 75635K, committed 75856K, reserved 1116160K
  class space    used 9287K, capacity 10116K, committed 10188K, reserved 1048576K
}
Event: 101.212 GC heap before
{Heap before GC invocations=18 (full 2):
 garbage-first heap   total 78848K, used 60448K [0x000000008de00000, 0x0000000100000000)
  region size 1024K, 38 young (38912K), 0 survivors (0K)
 Metaspace       used 73788K, capacity 75940K, committed 76112K, reserved 1116160K
  class space    used 9296K, capacity 10128K, committed 10188K, reserved 1048576K
}
Event: 101.215 GC heap after
{Heap after GC invocations=19 (full 2):
 garbage-first heap   total 78848K, used 24088K [0x000000008de00000, 0x0000000100000000)
  region size 1024K, 3 young (3072K), 3 survivors (3072K)
 Metaspace       used 73788K, capacity 75940K, committed 76112K, reserved 1116160K
  class space    used 9296K, capacity 10128K, committed 10188K, reserved 1048576K
}
Event: 101.226 GC heap before
{Heap before GC invocations=19 (full 2):
 garbage-first heap   total 78848K, used 59928K [0x000000008de00000, 0x0000000100000000)
  region size 1024K, 39 young (39936K), 3 survivors (3072K)
 Metaspace       used 73788K, capacity 75940K, committed 76112K, reserved 1116160K
  class space    used 9296K, capacity 10128K, committed 10188K, reserved 1048576K
}
Event: 101.228 GC heap after
{Heap after GC invocations=20 (full 2):
 garbage-first heap   total 78848K, used 24217K [0x000000008de00000, 0x0000000100000000)
  region size 1024K, 3 young (3072K), 3 survivors (3072K)
 Metaspace       used 73788K, capacity 75940K, committed 76112K, reserved 1116160K
  class space    used 9296K, capacity 10128K, committed 10188K, reserved 1048576K
}
Event: 101.536 GC heap before
{Heap before GC invocations=20 (full 2):
 garbage-first heap   total 78848K, used 62105K [0x000000008de00000, 0x0000000100000000)
  region size 1024K, 40 young (40960K), 3 survivors (3072K)
 Metaspace       used 74201K, capacity 76321K, committed 76624K, reserved 1116160K
  class space    used 9309K, capacity 10165K, committed 10188K, reserved 1048576K
}
Event: 101.539 GC heap after
{Heap after GC invocations=21 (full 2):
 garbage-first heap   total 78848K, used 26658K [0x000000008de00000, 0x0000000100000000)
  region size 1024K, 5 young (5120K), 5 survivors (5120K)
 Metaspace       used 74201K, capacity 76321K, committed 76624K, reserved 1116160K
  class space    used 9309K, capacity 10165K, committed 10188K, reserved 1048576K
}
Event: 1529.212 GC heap before
{Heap before GC invocations=21 (full 2):
 garbage-first heap   total 78848K, used 51234K [0x000000008de00000, 0x0000000100000000)
  region size 1024K, 30 young (30720K), 5 survivors (5120K)
 Metaspace       used 74359K, capacity 76521K, committed 76624K, reserved 1116160K
  class space    used 9310K, capacity 10167K, committed 10188K, reserved 1048576K
}

